[INFO] 15:05:05:422 iniciar logger/(5828:5828): soy un log
[INFO] 15:38:45:121 iniciar logger/(7324:7324): soy un log
[INFO] 13:30:40:474 iniciar logger/(7928:7928): soy un log
[INFO] 13:32:08:233 iniciar logger/(8009:8009): soy un log
[INFO] 13:33:34:471 iniciar logger/(8082:8082): soy un log
[INFO] 13:34:22:221 iniciar logger/(8138:8138): soy un log
[INFO] 13:34:43:187 iniciar logger/(8178:8178): soy un log
[INFO] 13:34:59:497 iniciar logger/(8218:8218): soy un log
[INFO] 13:35:34:177 iniciar logger/(8270:8270): soy un log
[INFO] 13:35:34:178 iniciar logger/(8270:8270): soy un sad
[INFO] 13:35:45:845 iniciar logger/(8299:8299): soy un log
[INFO] 13:35:45:860 iniciar logger/(8299:8299): soy un log
[INFO] 13:36:38:957 iniciar logger/(8357:8357): soy un log
[INFO] 13:36:38:958 iniciar logger/(8357:8357): prueba
[INFO] 13:36:54:31 iniciar logger/(8388:8388): soy un log
[INFO] 13:36:54:32 iniciar logger/(8388:8388): prueba
[INFO] 13:37:37:2 iniciar logger/(8435:8435): soy un log
[INFO] 13:38:18:881 iniciar logger/(8468:8468): soy un log
[INFO] 13:38:18:881 iniciar logger/(8468:8468): 
[INFO] 13:40:57:644 iniciar logger/(8605:8605): soy un log
[INFO] 13:41:28:186 iniciar logger/(8637:8637): soy un log
[INFO] 13:43:48:410 iniciar logger/(8771:8771): soy un log
[INFO] 13:44:00:307 iniciar logger/(8807:8807): soy un log
[INFO] 13:44:11:670 iniciar logger/(8847:8847): soy un log
[INFO] 13:44:46:624 iniciar logger/(8893:8893): soy un log
[INFO] 13:44:46:628 iniciar logger/(8893:8893): soy un ads
[INFO] 13:45:04:265 iniciar logger/(8929:8929): soy un log
[INFO] 13:45:04:275 iniciar logger/(8929:8929): soy un ads
[INFO] 13:45:39:396 iniciar logger/(8972:8972): soy un log
[INFO] 13:45:39:407 iniciar logger/(8972:8972): soy un ads
[INFO] 13:47:17:395 iniciar logger/(9034:9034): soy un log

[INFO] 13:47:28:676 iniciar logger/(9069:9069): soy un log

[INFO] 14:28:01:761 iniciar logger/(10046:10046): soy un log
[INFO] 14:35:52:986 iniciar logger/(10229:10229): soy un log
[INFO] 14:35:55:919 iniciar logger/(10239:10239): soy un log
[INFO] 14:36:19:386 iniciar logger/(10250:10250): soy un log
[INFO] 14:38:25:813 iniciar logger/(10311:10311): soy un log
[INFO] 14:38:41:781 iniciar logger/(8388:8388): 
[INFO] 14:38:41:783 iniciar logger/(8218:8218): 
[INFO] 14:38:41:783 iniciar logger/(8270:8270): 
[INFO] 14:38:41:785 iniciar logger/(8435:8435): 
[INFO] 14:38:41:786 iniciar logger/(8807:8807): 
[INFO] 14:38:41:785 iniciar logger/(8893:8893): 
[INFO] 14:38:41:786 iniciar logger/(8972:8972): 
[INFO] 14:38:41:850 iniciar logger/(8637:8637): 
[INFO] 14:38:41:859 iniciar logger/(8082:8082): 
[INFO] 14:38:41:893 iniciar logger/(8138:8138): 
[INFO] 14:38:41:875 iniciar logger/(8847:8847): 
[INFO] 14:38:41:958 iniciar logger/(8299:8299): 
[INFO] 14:38:41:959 iniciar logger/(8178:8178): 
[INFO] 14:38:41:6 iniciar logger/(8357:8357): 
[INFO] 14:38:41:6 iniciar logger/(8605:8605): 
[INFO] 14:38:41:7 iniciar logger/(8771:8771): 
[INFO] 14:38:42:123 iniciar logger/(8929:8929): 
[INFO] 14:38:48:360 iniciar logger/(10346:10346): soy un log
[INFO] 14:52:42:658 iniciar logger/(11022:11022): soy un log
[INFO] 14:54:41:170 iniciar logger/(11067:11067): soy un log
[INFO] 15:07:39:340 iniciar logger/(11215:11215): soy un log
[INFO] 15:07:52:179 iniciar logger/(11232:11232): soy un log
[INFO] 15:11:49:116 iniciar logger/(11298:11298): soy un log
[INFO] 15:12:00:202 iniciar logger/(11327:11327): soy un log
[INFO] 15:20:16:538 iniciar logger/(11490:11490): soy un log
[INFO] 15:22:53:229 iniciar logger/(11939:11939): soy un log
[INFO] 15:23:27:940 iniciar logger/(11990:11990): soy un log
[INFO] 15:24:36:217 iniciar logger/(12032:12032): soy un log
[INFO] 15:27:29:909 iniciar logger/(12147:12147): soy un log
[INFO] 15:28:03:584 iniciar logger/(12181:12181): soy un log
[INFO] 15:35:59:949 iniciar logger/(12280:12280): soy un log
[INFO] 15:40:30:781 iniciar logger/(12400:12400): soy un log
[INFO] 15:41:31:823 iniciar logger/(12565:12565): soy un log
[INFO] 15:41:45:914 iniciar logger/(12147:12147): 
[INFO] 15:41:45:2 iniciar logger/(11490:11490): 
[INFO] 15:41:46:24 iniciar logger/(12032:12032): 
[INFO] 15:41:46:72 iniciar logger/(11939:11939): 
[INFO] 15:42:14:906 iniciar logger/(12590:12590): soy un log
[INFO] 15:47:43:28 iniciar logger/(12962:12962): soy un log
[INFO] 16:57:23:168 iniciar logger/(4540:4540): soy un log
[INFO] 16:57:25:867 iniciar logger/(4540:4540): 
[INFO] 16:58:33:78 iniciar logger/(4612:4612): soy un log
[INFO] 16:58:36:286 iniciar logger/(4612:4612): gola¸§q·
[INFO] 17:01:09:9 iniciar logger/(4697:4697): soy un log
[INFO] 17:01:24:493 iniciar logger/(4731:4731): soy un log
[INFO] 17:01:26:826 iniciar logger/(4731:4731): hola¸—x·
[INFO] 17:04:04:799 iniciar logger/(4876:4876): soy un log
[INFO] 17:04:16:626 iniciar logger/(4897:4897): soy un log
[INFO] 17:05:36:891 iniciar logger/(4966:4966): soy un log
[INFO] 17:05:47:278 iniciar logger/(4986:4986): soy un log
[INFO] 17:06:46:558 iniciar logger/(5038:5038): soy un log
[INFO] 17:13:28:675 iniciar logger/(5280:5280): soy un log
[INFO] 17:14:50:356 iniciar logger/(5333:5333): soy un log
[INFO] 17:15:03:750 iniciar logger/(5346:5346): soy un log
[INFO] 17:15:24:303 iniciar logger/(5379:5379): soy un log
[INFO] 17:18:01:693 iniciar logger/(5491:5491): soy un log
[INFO] 17:44:01:560 iniciar logger/(3819:3819): soy un log
[INFO] 17:45:55:63 iniciar logger/(3913:3913): soy un log
[INFO] 14:45:35:147 iniciar logger/(5094:5094): soy un log
[INFO] 14:52:40:509 iniciar logger/(5418:5418): soy un log
[INFO] 14:54:15:977 iniciar logger/(5496:5496): soy un log
[INFO] 14:56:48:371 iniciar logger/(5634:5634): soy un log
[INFO] 14:58:34:233 iniciar logger/(5770:5770): soy un log
[INFO] 14:58:56:809 iniciar logger/(5831:5831): soy un log
[INFO] 14:59:08:691 iniciar logger/(5872:5872): soy un log
[INFO] 14:59:54:489 iniciar logger/(5926:5926): soy un log
[INFO] 15:00:41:869 iniciar logger/(5666:5666): soy un log
[INFO] 15:01:11:266 iniciar logger/(6035:6035): soy un log
[INFO] 15:01:41:938 iniciar logger/(6100:6100): soy un log
[INFO] 15:02:29:183 iniciar logger/(6163:6163): soy un log
[INFO] 15:04:38:834 iniciar logger/(6249:6249): soy un log
[INFO] 15:06:33:268 iniciar logger/(6900:6900): soy un log
[INFO] 15:22:32:425 iniciar logger/(7962:7962): soy un log
[INFO] 15:23:57:733 iniciar logger/(8771:8771): soy un log
[INFO] 15:26:04:88 iniciar logger/(9559:9559): soy un log
[INFO] 15:26:40:314 iniciar logger/(9691:9691): soy un log
[INFO] 15:27:17:508 iniciar logger/(6648:6648): soy un log
[INFO] 15:29:10:681 iniciar logger/(11115:11115): soy un log
[INFO] 15:29:10:701 iniciar logger/(11116:11116): soy un log
[INFO] 15:29:53:607 iniciar logger/(11304:11304): soy un log
[INFO] 15:30:49:14 iniciar logger/(5973:5973): soy un log
[INFO] 15:32:22:722 iniciar logger/(12315:12315): soy un log
[INFO] 15:38:05:485 iniciar logger/(13054:13054): soy un log
[INFO] 15:42:10:857 iniciar logger/(13634:13634): soy un log
[INFO] 15:42:41:851 iniciar logger/(13777:13777): soy un log
[INFO] 15:43:09:474 iniciar logger/(13925:13925): soy un log
[INFO] 15:47:17:363 iniciar logger/(14619:14619): soy un log
[INFO] 15:47:17:365 iniciar logger/(14619:14619): hola
